# JRE version: OpenJDK Runtime Environment Zulu17.44+15-CA (17.0.8+7) (build 17.0.8+7-LTS)
# Java VM: OpenJDK 64-Bit Server VM Zulu17.44+15-CA (17.0.8+7-LTS, mixed mode, sharing, tiered, compressed oops, compressed class ptrs, g1 gc, bsd-aarch64)
GC Precious Log:
 CPUs: 12 total, 12 available
 Memory: 32768M
 Large Page Support: Disabled
 NUMA Support: Disabled
 Compressed Oops: Enabled (Zero based)
 Heap Region Size: 4M
 Heap Min Capacity: 8M
 Heap Initial Capacity: 512M
 Heap Max Capacity: 8G
 Pre-touch: Disabled
 Parallel Workers: 10
 Concurrent Workers: 3
 Concurrent Refinement Workers: 10
 Periodic GC: Disabled
Heap:
 garbage-first heap   total 1916928K, used 535272K [0x0000000600000000, 0x0000000800000000)
  region size 4096K, 51 young (208896K), 9 survivors (36864K)
 Metaspace       used 122607K, committed 123648K, reserved 1179648K
  class space    used 18210K, committed 18688K, reserved 1048576K
GC Heap History (20 events):
Event: 8.798 GC heap before
{Heap before GC invocations=27 (full 0):
 garbage-first heap   total 581632K, used 454417K [0x0000000600000000, 0x0000000800000000)
  region size 4096K, 66 young (270336K), 5 survivors (20480K)
 Metaspace       used 111859K, committed 112832K, reserved 1179648K
  class space    used 14575K, committed 15040K, reserved 1048576K
}
Event: 8.803 GC heap after
{Heap after GC invocations=28 (full 0):
 garbage-first heap   total 581632K, used 228882K [0x0000000600000000, 0x0000000800000000)
  region size 4096K, 9 young (36864K), 9 survivors (36864K)
 Metaspace       used 111859K, committed 112832K, reserved 1179648K
  class space    used 14575K, committed 15040K, reserved 1048576K
}
Event: 8.807 GC heap before
{Heap before GC invocations=28 (full 0):
 garbage-first heap   total 581632K, used 232978K [0x0000000600000000, 0x0000000800000000)
  region size 4096K, 10 young (40960K), 9 survivors (36864K)
 Metaspace       used 111868K, committed 112896K, reserved 1179648K
  class space    used 14575K, committed 15040K, reserved 1048576K
}
Event: 8.812 GC heap after
{Heap after GC invocations=29 (full 0):
 garbage-first heap   total 581632K, used 227276K [0x0000000600000000, 0x0000000800000000)
  region size 4096K, 1 young (4096K), 1 survivors (4096K)
 Metaspace       used 111868K, committed 112896K, reserved 1179648K
  class space    used 14575K, committed 15040K, reserved 1048576K
}
Event: 9.282 GC heap before
{Heap before GC invocations=29 (full 0):
 garbage-first heap   total 581632K, used 464844K [0x0000000600000000, 0x0000000800000000)
  region size 4096K, 59 young (241664K), 1 survivors (4096K)
 Metaspace       used 112573K, committed 113536K, reserved 1179648K
  class space    used 14662K, committed 15104K, reserved 1048576K
}
Event: 9.284 GC heap after
{Heap after GC invocations=30 (full 0):
 garbage-first heap   total 581632K, used 230237K [0x0000000600000000, 0x0000000800000000)
  region size 4096K, 2 young (8192K), 2 survivors (8192K)
 Metaspace       used 112573K, committed 113536K, reserved 1179648K
  class space    used 14662K, committed 15104K, reserved 1048576K
}
Event: 10.017 GC heap before
{Heap before GC invocations=31 (full 0):
 garbage-first heap   total 581632K, used 463709K [0x0000000600000000, 0x0000000800000000)
  region size 4096K, 60 young (245760K), 2 survivors (8192K)
 Metaspace       used 113856K, committed 114816K, reserved 1179648K
  class space    used 14789K, committed 15232K, reserved 1048576K
}
Event: 10.020 GC heap after
{Heap after GC invocations=32 (full 0):
 garbage-first heap   total 581632K, used 247887K [0x0000000600000000, 0x0000000800000000)
  region size 4096K, 7 young (28672K), 7 survivors (28672K)
 Metaspace       used 113856K, committed 114816K, reserved 1179648K
  class space    used 14789K, committed 15232K, reserved 1048576K
}
Event: 10.029 GC heap before
{Heap before GC invocations=32 (full 0):
 garbage-first heap   total 581632K, used 251983K [0x0000000600000000, 0x0000000800000000)
  region size 4096K, 8 young (32768K), 7 survivors (28672K)
 Metaspace       used 113912K, committed 114880K, reserved 1179648K
  class space    used 14794K, committed 15232K, reserved 1048576K
}
Event: 10.034 GC heap after
{Heap after GC invocations=33 (full 0):
 garbage-first heap   total 581632K, used 245669K [0x0000000600000000, 0x0000000800000000)
  region size 4096K, 1 young (4096K), 1 survivors (4096K)
 Metaspace       used 113912K, committed 114880K, reserved 1179648K
  class space    used 14794K, committed 15232K, reserved 1048576K
}
Event: 10.458 GC heap before
{Heap before GC invocations=33 (full 0):
 garbage-first heap   total 581632K, used 462757K [0x0000000600000000, 0x0000000800000000)
  region size 4096K, 54 young (221184K), 1 survivors (4096K)
 Metaspace       used 114542K, committed 115456K, reserved 1179648K
  class space    used 14842K, committed 15232K, reserved 1048576K
}
Event: 10.465 GC heap after
{Heap after GC invocations=34 (full 0):
 garbage-first heap   total 581632K, used 299994K [0x0000000600000000, 0x0000000800000000)
  region size 4096K, 7 young (28672K), 7 survivors (28672K)
 Metaspace       used 114542K, committed 115456K, reserved 1179648K
  class space    used 14842K, committed 15232K, reserved 1048576K
}
Event: 10.618 GC heap before
{Heap before GC invocations=34 (full 0):
 garbage-first heap   total 581632K, used 443354K [0x0000000600000000, 0x0000000800000000)
  region size 4096K, 42 young (172032K), 7 survivors (28672K)
 Metaspace       used 120044K, committed 121024K, reserved 1179648K
  class space    used 17937K, committed 18368K, reserved 1048576K
}
Event: 10.624 GC heap after
{Heap after GC invocations=35 (full 0):
 garbage-first heap   total 581632K, used 321708K [0x0000000600000000, 0x0000000800000000)
  region size 4096K, 5 young (20480K), 5 survivors (20480K)
 Metaspace       used 120044K, committed 121024K, reserved 1179648K
  class space    used 17937K, committed 18368K, reserved 1048576K
}
Event: 10.783 GC heap before
{Heap before GC invocations=36 (full 0):
 garbage-first heap   total 655360K, used 452780K [0x0000000600000000, 0x0000000800000000)
  region size 4096K, 37 young (151552K), 5 survivors (20480K)
 Metaspace       used 121752K, committed 122752K, reserved 1179648K
  class space    used 18148K, committed 18624K, reserved 1048576K
}
Event: 10.789 GC heap after
{Heap after GC invocations=37 (full 0):
 garbage-first heap   total 655360K, used 337265K [0x0000000600000000, 0x0000000800000000)
  region size 4096K, 5 young (20480K), 5 survivors (20480K)
 Metaspace       used 121752K, committed 122752K, reserved 1179648K
  class space    used 18148K, committed 18624K, reserved 1048576K
}
Event: 10.798 GC heap before
{Heap before GC invocations=37 (full 0):
 garbage-first heap   total 655360K, used 349553K [0x0000000600000000, 0x0000000800000000)
  region size 4096K, 8 young (32768K), 5 survivors (20480K)
 Metaspace       used 121799K, committed 122816K, reserved 1179648K
  class space    used 18152K, committed 18624K, reserved 1048576K
}
Event: 10.803 GC heap after
{Heap after GC invocations=38 (full 0):
 garbage-first heap   total 1916928K, used 335673K [0x0000000600000000, 0x0000000800000000)
  region size 4096K, 1 young (4096K), 1 survivors (4096K)
 Metaspace       used 121799K, committed 122816K, reserved 1179648K
  class space    used 18152K, committed 18624K, reserved 1048576K
}
Event: 11.394 GC heap before
{Heap before GC invocations=38 (full 0):
 garbage-first heap   total 1916928K, used 1183545K [0x0000000600000000, 0x0000000800000000)
  region size 4096K, 208 young (851968K), 1 survivors (4096K)
 Metaspace       used 121832K, committed 122816K, reserved 1179648K
  class space    used 18152K, committed 18624K, reserved 1048576K
}
Event: 11.404 GC heap after
{Heap after GC invocations=39 (full 0):
 garbage-first heap   total 1916928K, used 367336K [0x0000000600000000, 0x0000000800000000)
  region size 4096K, 9 young (36864K), 9 survivors (36864K)
 Metaspace       used 121832K, committed 122816K, reserved 1179648K
  class space    used 18152K, committed 18624K, reserved 1048576K
}

