# JRE version: OpenJDK Runtime Environment Temurin-17.0.8+7 (17.0.8+7) (build 17.0.8+7)
# Java VM: OpenJDK 64-Bit Server VM Temurin-17.0.8+7 (17.0.8+7, mixed mode, tiered, compressed oops, compressed class ptrs, g1 gc, bsd-aarch64)
GC Precious Log:
 CPUs: 12 total, 12 available
 Memory: 32768M
 Large Page Support: Disabled
 NUMA Support: Disabled
 Compressed Oops: Enabled (Zero based)
 Heap Region Size: 4M
 Heap Min Capacity: 8M
 Heap Initial Capacity: 512M
 Heap Max Capacity: 8G
 Pre-touch: Disabled
 Parallel Workers: 10
 Concurrent Workers: 3
 Concurrent Refinement Workers: 10
 Periodic GC: Disabled
Heap:
 garbage-first heap   total 1748992K, used 1334389K [0x0000000600000000, 0x0000000800000000)
  region size 4096K, 241 young (987136K), 4 survivors (16384K)
 Metaspace       used 131213K, committed 132288K, reserved 1179648K
  class space    used 19015K, committed 19520K, reserved 1048576K
GC Heap History (20 events):
Event: 5.671 GC heap before
{Heap before GC invocations=26 (full 0):
 garbage-first heap   total 573440K, used 271721K [0x0000000600000000, 0x0000000800000000)
  region size 4096K, 32 young (131072K), 6 survivors (24576K)
 Metaspace       used 77037K, committed 77760K, reserved 1179648K
  class space    used 10703K, committed 11072K, reserved 1048576K
}
Event: 5.676 GC heap after
{Heap after GC invocations=27 (full 0):
 garbage-first heap   total 778240K, used 180262K [0x0000000600000000, 0x0000000800000000)
  region size 4096K, 4 young (16384K), 4 survivors (16384K)
 Metaspace       used 77037K, committed 77760K, reserved 1179648K
  class space    used 10703K, committed 11072K, reserved 1048576K
}
Event: 6.781 GC heap before
{Heap before GC invocations=28 (full 0):
 garbage-first heap   total 737280K, used 577574K [0x0000000600000000, 0x0000000800000000)
  region size 4096K, 101 young (413696K), 4 survivors (16384K)
 Metaspace       used 89830K, committed 90624K, reserved 1179648K
  class space    used 12335K, committed 12672K, reserved 1048576K
}
Event: 6.789 GC heap after
{Heap after GC invocations=29 (full 0):
 garbage-first heap   total 737280K, used 203905K [0x0000000600000000, 0x0000000800000000)
  region size 4096K, 9 young (36864K), 9 survivors (36864K)
 Metaspace       used 89830K, committed 90624K, reserved 1179648K
  class space    used 12335K, committed 12672K, reserved 1048576K
}
Event: 7.152 GC heap before
{Heap before GC invocations=30 (full 0):
 garbage-first heap   total 737280K, used 560257K [0x0000000600000000, 0x0000000800000000)
  region size 4096K, 96 young (393216K), 9 survivors (36864K)
 Metaspace       used 94402K, committed 95296K, reserved 1179648K
  class space    used 13020K, committed 13440K, reserved 1048576K
}
Event: 7.159 GC heap after
{Heap after GC invocations=31 (full 0):
 garbage-first heap   total 737280K, used 202195K [0x0000000600000000, 0x0000000800000000)
  region size 4096K, 8 young (32768K), 8 survivors (32768K)
 Metaspace       used 94402K, committed 95296K, reserved 1179648K
  class space    used 13020K, committed 13440K, reserved 1048576K
}
Event: 7.161 GC heap before
{Heap before GC invocations=31 (full 0):
 garbage-first heap   total 737280K, used 206291K [0x0000000600000000, 0x0000000800000000)
  region size 4096K, 9 young (36864K), 8 survivors (32768K)
 Metaspace       used 94402K, committed 95296K, reserved 1179648K
  class space    used 13020K, committed 13440K, reserved 1048576K
}
Event: 7.166 GC heap after
{Heap after GC invocations=32 (full 0):
 garbage-first heap   total 737280K, used 203246K [0x0000000600000000, 0x0000000800000000)
  region size 4096K, 2 young (8192K), 2 survivors (8192K)
 Metaspace       used 94402K, committed 95296K, reserved 1179648K
  class space    used 13020K, committed 13440K, reserved 1048576K
}
Event: 9.283 GC heap before
{Heap before GC invocations=32 (full 0):
 garbage-first heap   total 737280K, used 563694K [0x0000000600000000, 0x0000000800000000)
  region size 4096K, 91 young (372736K), 2 survivors (8192K)
 Metaspace       used 119982K, committed 120960K, reserved 1179648K
  class space    used 15301K, committed 15744K, reserved 1048576K
}
Event: 9.288 GC heap after
{Heap after GC invocations=33 (full 0):
 garbage-first heap   total 737280K, used 232372K [0x0000000600000000, 0x0000000800000000)
  region size 4096K, 9 young (36864K), 9 survivors (36864K)
 Metaspace       used 119982K, committed 120960K, reserved 1179648K
  class space    used 15301K, committed 15744K, reserved 1048576K
}
Event: 9.861 GC heap before
{Heap before GC invocations=33 (full 0):
 garbage-first heap   total 737280K, used 568244K [0x0000000600000000, 0x0000000800000000)
  region size 4096K, 91 young (372736K), 9 survivors (36864K)
 Metaspace       used 120315K, committed 121280K, reserved 1179648K
  class space    used 15331K, committed 15744K, reserved 1048576K
}
Event: 9.866 GC heap after
{Heap after GC invocations=34 (full 0):
 garbage-first heap   total 737280K, used 238804K [0x0000000600000000, 0x0000000800000000)
  region size 4096K, 2 young (8192K), 2 survivors (8192K)
 Metaspace       used 120315K, committed 121280K, reserved 1179648K
  class space    used 15331K, committed 15744K, reserved 1048576K
}
Event: 10.536 GC heap before
{Heap before GC invocations=34 (full 0):
 garbage-first heap   total 737280K, used 586964K [0x0000000600000000, 0x0000000800000000)
  region size 4096K, 87 young (356352K), 2 survivors (8192K)
 Metaspace       used 122086K, committed 123072K, reserved 1179648K
  class space    used 15531K, committed 15936K, reserved 1048576K
}
Event: 10.539 GC heap after
{Heap after GC invocations=35 (full 0):
 garbage-first heap   total 737280K, used 256753K [0x0000000600000000, 0x0000000800000000)
  region size 4096K, 7 young (28672K), 7 survivors (28672K)
 Metaspace       used 122086K, committed 123072K, reserved 1179648K
  class space    used 15531K, committed 15936K, reserved 1048576K
}
Event: 10.996 GC heap before
{Heap before GC invocations=35 (full 0):
 garbage-first heap   total 737280K, used 584433K [0x0000000600000000, 0x0000000800000000)
  region size 4096K, 87 young (356352K), 7 survivors (28672K)
 Metaspace       used 122629K, committed 123648K, reserved 1179648K
  class space    used 15588K, committed 16000K, reserved 1048576K
}
Event: 11.004 GC heap after
{Heap after GC invocations=36 (full 0):
 garbage-first heap   total 737280K, used 313843K [0x0000000600000000, 0x0000000800000000)
  region size 4096K, 11 young (45056K), 11 survivors (45056K)
 Metaspace       used 122629K, committed 123648K, reserved 1179648K
  class space    used 15588K, committed 16000K, reserved 1048576K
}
Event: 11.112 GC heap before
{Heap before GC invocations=36 (full 0):
 garbage-first heap   total 737280K, used 563699K [0x0000000600000000, 0x0000000800000000)
  region size 4096K, 72 young (294912K), 11 survivors (45056K)
 Metaspace       used 126120K, committed 127168K, reserved 1179648K
  class space    used 17928K, committed 18432K, reserved 1048576K
}
Event: 11.120 GC heap after
{Heap after GC invocations=37 (full 0):
 garbage-first heap   total 737280K, used 352155K [0x0000000600000000, 0x0000000800000000)
  region size 4096K, 9 young (36864K), 9 survivors (36864K)
 Metaspace       used 126120K, committed 127168K, reserved 1179648K
  class space    used 17928K, committed 18432K, reserved 1048576K
}
Event: 11.240 GC heap before
{Heap before GC invocations=37 (full 0):
 garbage-first heap   total 737280K, used 565147K [0x0000000600000000, 0x0000000800000000)
  region size 4096K, 61 young (249856K), 9 survivors (36864K)
 Metaspace       used 129098K, committed 130176K, reserved 1179648K
  class space    used 18793K, committed 19264K, reserved 1048576K
}
Event: 11.247 GC heap after
{Heap after GC invocations=38 (full 0):
 garbage-first heap   total 1748992K, used 367733K [0x0000000600000000, 0x0000000800000000)
  region size 4096K, 4 young (16384K), 4 survivors (16384K)
 Metaspace       used 129098K, committed 130176K, reserved 1179648K
  class space    used 18793K, committed 19264K, reserved 1048576K
}

